<?xml version="1.0" encoding="UTF-8"?>
<testsuites tests="10" failures="0" disabled="0" errors="0" time="0" timestamp="2025-12-05T19:29:45.359" name="AllTests">
  <testsuite name="SortPointsByDistanceTest" tests="4" failures="0" disabled="0" skipped="0" errors="0" time="0" timestamp="2025-12-05T19:29:45.359">
    <testcase name="EmptyVector" status="run" result="completed" time="0" timestamp="2025-12-05T19:29:45.359" classname="SortPointsByDistanceTest" />
    <testcase name="SingleElement" status="run" result="completed" time="0" timestamp="2025-12-05T19:29:45.359" classname="SortPointsByDistanceTest" />
    <testcase name="MultiplePoints" status="run" result="completed" time="0" timestamp="2025-12-05T19:29:45.359" classname="SortPointsByDistanceTest" />
    <testcase name="IdenticalDistances" status="run" result="completed" time="0" timestamp="2025-12-05T19:29:45.359" classname="SortPointsByDistanceTest" />
  </testsuite>
  <testsuite name="CountIslandsTest" tests="6" failures="0" disabled="0" skipped="0" errors="0" time="0" timestamp="2025-12-05T19:29:45.359">
    <testcase name="EmptyGrid" status="run" result="completed" time="0" timestamp="2025-12-05T19:29:45.359" classname="CountIslandsTest" />
    <testcase name="NoIslands" status="run" result="completed" time="0" timestamp="2025-12-05T19:29:45.359" classname="CountIslandsTest" />
    <testcase name="SingleIslandAllOnes" status="run" result="completed" time="0" timestamp="2025-12-05T19:29:45.359" classname="CountIslandsTest" />
    <testcase name="MultipleIslands" status="run" result="completed" time="0" timestamp="2025-12-05T19:29:45.359" classname="CountIslandsTest" />
    <testcase name="DiagonalIslandsNotConnected" status="run" result="completed" time="0" timestamp="2025-12-05T19:29:45.359" classname="CountIslandsTest" />
    <testcase name="ComplexLargeGrid" status="run" result="completed" time="0" timestamp="2025-12-05T19:29:45.359" classname="CountIslandsTest" />
  </testsuite>
</testsuites>
